1 296
1 61
1 163
1 177
1 298
1 160
1 117
1 109
1 197
1 73
1 195
1 237
1 22
1 23
1 114
1 140
1 48
1 6
1 147
1 269
1 190
1 76
1 42
1 90
1 101
1 283
1 25
1 10
1 93
1 235
1 70
1 131
1 119
1 201
1 83
1 118
1 287
1 138
1 5
1 81
1 98
1 16
1 139
1 124
1 205
1 248
1 45
1 291
1 112
1 181
1 219
1 35
1 199
1 20
1 255
1 238
1 265
1 196
1 223
1 31
1 266
1 242
1 250
1 292
1 78
1 264
1 106
1 51
1 12
1 289
1 115
1 152
1 55
1 155
1 141
1 59
1 182
1 67
1 104
1 145
1 192
1 142
1 71
1 43
1 176
1 280
1 154
1 228
1 66
1 252
1 100
1 215
1 17
1 288
1 297
1 30
1 120
1 126
1 256
1 206
