1884
971130974132
958104960107
95891958102
9558695888
9147591581
9127191377
9116591270
9115991264
9114791158
9113091235
8992590426
8982290323
8881389913
992887997888
988872989877
982667983672
981615983618
973587978588
972584977585
958565959570
951239956240
935234940235
925161930162
924151925156
919127924128
919123924124
919119924120
917116922117
911100916101
9109291593
9098891489
9097691081
9053491035
9053191032
9002990530
8971790218
8881089910
993985998986
992977993982
992961993966
992958997959
992952993957
992929993934
992924997925
992915993920
991912996913
991897992902
989891994892
988866989871
982656983661
982650983655
976596977601
974593979594
974589979590
972581977582
972576977577
972568977569
971554976555
958549959554
920130925131
920110921115
92099921104
9209392198
9169192192
9158992090
9146691571
9134791452
90679118
89979048
88738993
988233989239
969227969238
967211969214
964203965208
951200956201
951198956199
939198944199
926177926188
922106923111
922104927105
922102927103
92296923101
9218192286
9197692081
9194591956
9192492029
9052491025
9011590616
90009120
988591988603
986591987596
980590981595
980587983589
979565980570
977562978567
973550978551
971546976547
958537959542
944185946188
926115927120
923113924118
9228992394
9208792588
9158492085
9145891563
9114591646
9084391344
9083991340
9063791138
9042090921
9011090611
89819032
995919998921
993897998898
993895998896
993893998894
988883993884
988863993864
988857989862
985662986667
982640983645
981634982639
980624981629
979618980623
978607979612
974552979553
971544976545
969533974534
958522959527
950246955247
950230950241
9464994852
9214792449
9193192432
9062891129
9041890919
90349085
996874997879
992872993877
988850989855
988832989837
988826989831
988819989824
988813989818
988791988802
988787990790
988781989786
987771988776
986765987770
985749986754
985741986746
985721986726
985704986709
985692985703
985681986686
984676984687
984650985655
984644985649
984638985643
983632984637
982621983626
981609982614
981602982607
981596982601
978596979601
973507974512
969467974468
968411969416
967404968409
957342962343
955332960333
955317960318
952313957314
952301957302
950200950211
9347593777
9327093375
9186892369
9176292263
9174691851
9164392144
9144091941
9122591726
9081391314
994814997816
989792991795
989773990778
988761989766
987749988754
987738988743
986728987733
986712987717
986698987703
986692987697
986679991680
984674989675
984672989673
984656984667
983608984613
978582983583
978580983581
978574979579
973541978542
971535976536
969531974532
958514959519
953295958296
953293958294
952286957287
935231940232
913161918162
91029222
988681991683
987662988667
987656988661
986648987653
984616985621
983601984606
983595984600
980585985586
980575985576
978571983572
977556978561
975527976532
975521976526
975507975518
974494979495
958490959495
955298960299
952282957283
952279957280
952274957275
952272957273
935227940228
918165923166
913147918148
997524999527
978524979529
978513984514
977503978508
975500980501
973499974504
973435974441
973429974434
970412981412
970404972407
969398974399
965390970391
965379966384
963362965365
961330962335
960324961329
960320962323
959310960315
953276958277
952264957265
935223940224
918155923156
913145918146
90519171
988438989444
979438980443
977426980428
977390978395
969381970386
965367966372
964347967349
964341967343
964329967331
961317966318
961311966312
959300964301
953259958260
953254958255
952251957252
952244957245
935215940216
914159919160
913135918136
90399149
993663996665
989653990658
986636987641
985626986631
985603986608
985597986602
984588985593
981563982568
977554982555
977544978549
977534978539
977532982533
976515977520
976509981510
974492979493
973481978482
958476959481
922145927146
920139925140
920137925138
919135924136
913132918133
994561997563
984532987534
982526984529
982498983503
975479980480
975475980476
970473975474
958469959474
927132932133
913129918130
996621999623
987621988626
984578985583
984562989563
979559984560
979549984550
979541980546
978518983519
978515983516
978511983512
978496983497
977486982487
966462971463
958459959464
927139932140
921133926134
913126918127
998875999880
990845991850
979530984531
973465978466
968458973459
964456969457
958452959457
931149936150
924149929150
924147929148
913122918123
998869999874
992861997862
991855992860
990833991838
985445996445
981405984407
979391980396
971379972384
969357971360
966353971354
963350965353
962325967326
962309967310
962289963294
961286964288
960268963270
959254964255
959252964253
952242957243
952230957231
935196940197
929156934157
929152934153
924143929144
913120918121
9091092010
991334991345
979332981335
969328970333
968300968311
965253966258
960249965250
960238965239
956236961237
952225957226
952219957220
952213957214
952209957210
935194940195
930158935159
926136931137
913114918115
996848998851
993847993858
992832993837
990826991831
971413976414
967402972403
967382968387
963339968340
963332968333
963327968328
963322968323
963315968316
962302967303
959295964296
959274964275
958264963265
952207957208
943194948195
939190944191
935175940176
932168937169
932154937155
932147937148
930144935145
930141935142
926129931130
913108918109
995825996830
990819991824
968449973450
958446959451
936139937144
930126935127
926124931125
913104918105
994870995875
992826993831
990804991809
982541987542
982539987540
982537987538
981535986536
979521984522
979506984507
979504984505
979489984490
978484983485
976477981478
976473981474
976471981472
976469981470
975467980468
972463977464
969451974452
958440959445
938171943172
913102918103
997805999808
993800998801
990798991803
976459981460
971454976455
969442974443
958426959431
942175947176
939169944170
939164944165
938162943163
934133939134
934131939132
924121929122
9139691897
994864995869
992842997843
992818993823
990780991785
977456982457
975451980452
975447980448
975444980445
975436980437
975434980435
975430980431
969425974426
958420959425
944183949184
944178946181
942115943120
928114933115
924111929112
9138691887
998813999818
992811993816
992790992801
991771992776
990758991763
990752991757
989746990751
989740990745
988732989737
988723989728
988711989716
988705989710
988697989702
988685989690
988670993671
988668993669
988651993652
988640989645
988633989638
987614988619
987604988609
987585988590
987577988582
986574991575
985565986570
985549985560
983462984467
981462982467
972415977416
958414959419
940153941158
930108935109
924107929108
9138291883
997513999516
985511985522
980342981347
971338972343
969321970326
969307970312
969301970306
969295972297
969279970285
969275971278
966273971274
962271967272
959266964267
958257963258
952196957197
949193954194
948185949190
931110936111
931105936106
928103933104
9249892999
9136491865
90739193
988463989468
988452989457
981449982454
974417979418
971410976411
958407959412
940144941149
9289693397
9249392994
9248592986
9247392974
9196592466
9195992460
9135691857
90969206
992490995492
984483985488
982477983482
982469983474
981443982448
981434982439
975422980423
974405979406
958401959406
942158947159
940138941143
9298993490
9268793188
9256893069
9236392864
9235792858
9135391854
995508998510
985497985508
985465985476
983390988391
973388978389
958385959390
947179952180
943166948167
942154947155
938151939156
9224192742
9133791838
994522996525
988490989495
988483989488
984479989480
984460989461
984451985456
983442984447
977424982425
970419975420
958375959380
944160949161
942152947153
938144939149
9263793138
9263393134
9193392434
9133291833
994804995809
992802993807
992784993789
992779995781
992755997756
991743992748
990734991739
983433984438
977410982411
976408981409
967393972394
958369959374
935129940130
932123937124
932121937122
9268093181
9217792678
9132891829
997765998770
992760993765
992725997726
990721991726
981426982431
980383985384
967376972377
966364971365
958356959361
956192961193
952188957189
952184957185
950182955183
950177955178
948169949174
944119949120
932118937119
932116937117
932112937113
932101937102
93299937100
9329493795
9328793788
9318393684
9217592676
9132391824
995737996742
992737993742
990714991719
990701991706
983425984430
977397982398
970396975397
967373972374
967369972370
966362971363
965355970356
962344967345
958344959349
954172959173
950170955171
949163950168
938126943127
938123943124
938113943114
9328593786
9307893579
9217192672
9131791818
9131191812
91349185
996778998781
993775998776
993767994772
992729993734
990712995713
990709995710
990694991699
981417982422
973375974380
968348973349
968345973346
966336971337
958324959329
951152956153
942148947149
942144947145
938135939140
9296693467
9296393464
9215292653
9161392114
91679218
997739999742
993703998704
992697993702
990692995693
990684991689
990673991678
985431985442
984394985399
981391982396
975371975382
973338975341
972334977335
971328972333
968318973319
967313972314
958304959309
945141950142
942138947139
940134945135
938116939121
9356293765
9282693029
9261492817
923992414
91809231
994674995679
991666996667
990660991665
978414983415
974384979385
973367974372
972356973361
966292971293
958286959291
956177961178
954175959176
948175953176
948154949159
943107948108
938107939112
938100939105
9389393998
9388693991
9368094181
9367894179
9347293973
9336893869
9295993460
9275593256
9255093051
9254893049
9204592546
998650999655
990642991647
990636991641
983416984421
983408984413
981403986404
976393976404
975357975368
974344975349
974325975330
973312974317
967298972299
967290972291
962284967285
958279959284
952162957163
950145950156
9427794778
9387594376
9386293967
9314993650
9314593646
9264393144
9203892539
996707997712
992694997695
992688997689
992682993687
990629991634
985419985430
985405985416
985401990402
978401983402
976386981387
976372976383
976358978361
976336976347
975314976319
975308976313
973297978298
961280966281
958245959250
943131948132
941128946129
940115941120
9305293553
9283993340
9203592536
997357999360
981355982360
981323982328
979314980319
976299981300
973295978296
973288978289
968286973287
961277966278
958239959244
953180958181
952157957158
948146949151
941111946112
940105941110
9335793858
9222592726
9201992520
994371997373
976363981364
974355979356
972350973355
966262971263
961259966260
961247966248
958226959231
948134949139
946116951117
945113950114
94099945100
9409394198
9375994260
9335593856
9334293843
9332793828
9212792628
9201792518
998707999712
992674993679
992656993661
989623990628
989611989622
989592989603
989586990591
989576990581
988570993571
987554988559
986546987551
986522987527
986513987518
986507987512
972321973326
971229972234
958219959224
953137953148
953123954128
952116955118
94696947101
9419094691
9408294187
9374593850
9343993940
9343693937
9323393734
996546999548
989546990551
988540989545
988529989534
988523989528
988515989520
988509989514
988499989504
986496987501
981314982319
972306973311
962244967245
960229965230
958212959217
953134958135
948125949130
948111953112
945109950110
944104949105
9449494995
9406894173
9404894153
9394394444
9273193232
998643999648
992642993647
990616991621
986485987490
978348983349
977341978346
966249971250
962242967243
961234966235
961232966233
960222965223
958202959207
956169961170
953167958168
952155957156
951146952151
9478995290
9478595286
9448394588
9436694471
9405794558
9252193022
9201592516
996671997676
992653997654
992635993640
991622992627
990606991611
988431989436
984392989393
982388987389
980381985382
977378982379
977372982373
977323978328
967264968269
961199966200
958195959200
955141960142
950118950129
9496895073
9424994354
9413694241
9301693517
9251293013
92479298
994647995652
993633998634
993631998632
993627998628
992616993621
992614997615
992605993610
991599992604
990593991598
990562991567
990556991561
990536991541
990528991533
990520991525
989477994478
988474993475
986472987477
982370987371
977368982369
977353982354
977351982352
977339982340
977336982337
977330982331
977320982321
977313978318
967253968258
965209966214
958183959188
957143959146
957129962130
951129952134
9488395384
9448094981
9426494765
9405594556
9312093621
927993210
994606997608
993595994600
992589993594
990503991508
986462987467
983375984380
975301980302
972300973305
967236968241
963201968202
962193964196
961180963183
960174965175
959162960167
956147961148
955137960138
9489695397
9468795188
9447594976
9416294663
9404694547
9322593726
92719322
997595998600
993587998588
992579993584
992572993577
992563993568
992553993558
992525993530
990497991502
986458991459
986448987453
983364984369
974280979281
972280973285
963227968228
963219968220
963217968218
962204963209
961186962191
961158962163
957149962150
955131960132
955123960124
953119958120
952114957115
950107955108
950104955105
950100955101
9393494435
9353094031
9352394024
93079358
995568996573
993559998560
992540993545
992533993538
992531997532
992518993523
992511993516
990491991496
986446991447
986438987443
983355984360
977291979294
976272981273
972270973275
967230968235
966203971204
965193966198
963178968179
962153967154
959153961156
959117964118
958111959116
955109960110
9509895599
9466894773
9361694117
9321293713
93059356
996491997496
990485991490
986428987433
983340984345
975286980287
972263973268
972254973259
972238973243
971222972227
970215971220
969215969226
969193970198
964191969192
964189969190
964185969186
963168964173
963162964167
963155964160
963145964150
962136967137
961132961143
961105961116
9599496495
9509195592
9508195582
9507495179
9412894233
93329383
995513996518
993505998506
992495993500
990481995482
990472995473
990465991470
986421987426
983330984335
979312984313
979308984309
979306984307
979304984305
979295984296
975284980285
974273975278
974261975266
974255975260
974220977222
974214975219
970210975211
969205974206
967199972200
967183972184
965181970182
965167966172
959126964127
956121961122
956102957107
9465695157
9464394748
9412094225
9381394314
9381194312
93879438
92649394
987316987327
980262981267
977259978264
974249979250
974243975248
974235975240
974225975230
973223978224
972214973219
971193972198
970187971192
968175973176
968169973170
965157966162
965128966133
964121975121
964101965106
9599796498
95695957100
9485895359
9465495155
9453794642
9452994634
9441894523
93919442
994219996222
986215989217
975203976208
973199975202
970166975167
968153968164
967127968132
962114967115
9568995794
9484595346
9484395344
9474195242
9473194836
9421694717
940994510
93959505
989300989311
989288989299
988270991272
981255984257
978236983237
978228983229
977225982226
976218981219
976216981217
974192975197
973183974188
972177973182
972159975161
972153974156
971137972142
9544695947
9543295635
9541795522
94139464
994259997261
979233984234
978208980211
978195978206
978182979187
969171974172
966146971147
963140968141
962112967113
9558496085
9537995880
9496695467
998492999497
992461993466
990449991454
986414987419
983322984327
976274977279
971148976149
965142970143
963134968135
963124968125
962110967111
9618896689
9577796278
9527495775
9516995670
9496195462
994469997471
992423993428
988423989428
986406987411
983316984321
980292985293
979289984290
977282982283
976266977271
970125975126
966122971123
963119968120
962107967108
96199962104
9535495855
9495195452
996474997479
992447997448
990436991441
989416990421
988404989409
986394987399
986379987384
986372987377
986357986368
985336986341
985327986332
983298984303
978278983279
978266979271
978253979258
976252977257
9659396698
9567296173
9494995450
9461095111
94689519
94569507
93909510
988205990208
980198982201
979190980195
974180979181
974176979177
973173978174
970164975165
970157975158
969150970155
9577096271
9576796268
9556196062
9493995440
9472395224
996226998229
985220988222
982183984186
982176983181
972162977163
972150977151
970144975145
969136970141
9587496375
9555896059
9555696057
9555296053
9493695437
9471895219
994282996285
983262984267
978251983252
978242979247
976239977244
970133975134
969127970132
9565096151
9554896049
9554096041
9523095731
9492895429
9491595416
9471395214
94739524
998472999477
993456998457
993443998444
992436993441
991430992435
991403991414
991384992389
988377990380
987362990364
987348988353
986342987347
985318986323
985305986310
985295986300
985286986291
983283988284
983281988282
980275985276
980270985271
980260985261
980258985259
976231977236
969110970115
9562896129
9532695827
998398999403
991397996398
988395993396
988383989388
988365988376
987312989315
987306988311
987291988296
982253987254
980248985249
980245985246
980243985244
980238985239
979231984232
979220984221
979214984215
978212983213
976210977215
967103972104
96399968100
9532495825
9969499996
9779098291
9629096791
9618196286
9583195936
9551496015
9551196012
95389589
94529572
988227989232
984223985228
980205985206
980202985203
980196985197
976196977201
9678797288
9615996264
9615296257
9592596426
9562096121
995190998192
988189989194
979188984189
976184977189
9699197492
9658597086
9637896581
9636096465
9614396248
9613596240
9602396524
9592297022
993377993388
989348989359
989336990341
988329989334
988322989327
988316989321
987285988290
986270987275
986268991269
986261987266
986255987260
986246987251
986240987245
976166977171
971107971118
9665996764
9663497135
9561896119
95339584
94519571
9883399933
9803198136
9692897429
9662696731
9622096721
95979648
996292999294
990288995289
989282990287
988274989279
988254989259
988248989253
988242989247
986234987239
976153977158
972127977128
972122977123
970119975120
969105974106
969101974102
96995970100
9695197056
9684797348
9644196942
9621696717
9611296613
95929615
95809631
994458997460
993418998419
992408993413
992406997407
992399993404
991372992377
990366991371
990346991351
990327991332
990319991324
990305995306
990297991302
990291991296
990275991280
990262991267
990254991259
990246991251
990239991244
986228987233
978158979163
975137976142
975113976118
9719497695
9688997390
9688097381
9687897379
9637696877
9637096871
996361999363
992360993365
986203987208
979165984166
978151979156
977140978145
976131977136
975106976111
9657297073
9636796868
994402997404
993374998375
992369997370
992350993355
992344993349
992317993322
986223991224
984218989219
981190986191
980173980184
979132979143
979109982111
979106984107
975100976105
9706597566
9685897359
9635696857
9975999962
9745597956
9635396854
994357996360
993337996339
993331994336
993323998324
992309993314
990232991237
986193987198
980153981158
978124979129
9718597686
9708397584
9697597476
9634596846
997335998340
992307997308
992297993302
990225991230
985182986187
984172985177
981162986163
980147981152
980133981138
980122981127
980116981121
978116979121
9758897693
9747797582
9717297673
9696997470
9634396844
9987099976
9816998372
9756998070
9756798068
9696297463
9633996840
9531096410
989142991145
984121985126
984115985120
982112987113
97898979103
9788898389
9768098181
9633296833
95369646
989113992115
988106990109
986103987108
9799598496
9788598386
9778398284
9767498175
9766598166
9755797662
9714097641
995150998152
983148984153
982142983147
9744497945
9713697637
9713297633
994293995298
992290993295
992281993286
992268993273
988212993213
984210989211
983199988200
982168987169
982160987161
982155987156
982133983138
9774898249
9754298043
9743497935
9692697427
9662397124
9631896819
9631496815
96329683
996301998304
993275998276
992259993264
992257997258
992255997256
992253997254
992246993251
992240993245
990215991220
987181988186
986173987178
986157991158
985146986151
985139986144
985133986138
982130987131
982128987129
982122983127
96679718
96649715
96409750
989169991172
988159988170
988151989156
987143988148
987133988138
982115983120
9771798817
992155994158
988126989131
984110989111
98298983103
9775998260
9765098151
9722497725
9681697317
998254999259
993237998238
992231993236
992221993226
992206993211
992204997205
990202995203
990193991198
990186991191
989177990182
989159990164
989135990140
989120990125
987120988125
9829398794
9827798382
9804098541
9763898139
9722297723
9691997420
9691297413
969997410
997219999222
993200998201
992194993199
992186993191
992177993182
992169993174
991162992167
987114988119
9847998490
9847298577
9826298367
97359786
96929743
997170999173
993166998167
991159996160
991149992154
9888998994
9858399084
9846598570
9845498559
9834298447
9802998530
9752798028
9751598016
9751398014
997160998165
992141997142
991134992139
988103993104
98796988101
9867698781
9866798772
9865999160
9865398758
9854298647
9782098321
9671197811
9917199672
9906599170
9856399064
9846198962
9845198952
9825098355
976998110
97539804
9978899991
9907599180
9887298977
9853498639
9823298337
97609870
992699311
97819832
9962099823
98679918
98069857
995153996158
991127992132
991116992121
991107992112
9909599596
9908999194
9888699387
9888199382
9886698971
9874298847
9811598616
997154998159
993144998145
993128993139
993114993125
9939799898
9928999394
9885398958
9873598840
9842298923
9965199854
9904599150
9893499039
9873199232
9862499125
9841998920
9811298613
9971399818
98239874
9987799982
9927399378
9925999364
9915299257
9894099441
9872999230
9832698827
9831098811
9977199782
9923499339
9902799528
9902299523
9881599316
9947499579
9935599856
9934399354
9933199832
9932999830
9901999520
9881399314
98849935
98809931
9941399518
99029953
994998999999
994994999995
994989999990
994981999982
994976999977
994973999974
994970999971
994966999967
994961999962
994956999957
994942999943
994939999940
994937999938
994931999932
994926999927
994922999923
994917999918
994915999916
994910999911
994906999907
994904999905
994899999900
994889999890
994884999885
994859999860
994857999858
994852999853
994846999847
994838999839
994836999837
994834999835
994831999832
994823999824
994820999821
994810999811
994802999803
994796999797
994793999794
994787999788
994782999783
994773999774
994763999764
994759999760
994751999752
994746999747
994744999745
994735999736
994731999732
994727999728
994723999724
994719999720
994717999718
994714999715
994705999706
994698999699
994696999697
994690999691
994685999686
994680999681
994668999669
994659999660
994641999642
994638999639
994629999630
994625999626
994619999620
994617999618
994611999612
994609999610
994602999603
994593999594
994591999592
994584999585
994581999582
994578999579
994576999577
994574999575
994566999567
994551999552
994549999550
994543999544
994541999542
994538999539
994535999536
994528999529
994519999520
994511999512
994502999503
994488999489
994484999485
994466999467
994464999465
994462999463
994451999452
994441999442
994437999438
994434999435
994430999431
994428999429
994426999427
994424999425
994421999422
994415999416
994413999414
994411999412
994394999395
994390999391
994388999389
994384999385
994377999378
994364999365
994354999355
994350999351
994346999347
994343999344
994341999342
994329999330
994326999327
994317999318
994315999316
994313999314
994311999312
994309999310
994299999300
994290999291
994286999287
994279999280
994272999273
994268999269
994265999266
994262999263
994251999252
994249999250
994245999246
994241999242
994230999231
994224999225
994217999218
994215999216
994210999211
994207999208
994198999199
994196999197
994194999195
994188999189
994185999186
994182999183
994179999180
994177999178
994175999176
994168999169
994148999149
994146999147
994139999140
994136999137
994134999135
994127999128
994123999124
994119999120
994115999116
994111999112
994108999109
994106999107
994104999105
994102999103
99499999100
9949299993
9948599986
9946899969
9946699967
9946499965
9945799958
9944999950
9944799948
9944299943
9943899939
9943499935
9942499925
9941199912
99479998
99449995
02015
