4072
19601992
18601911
12501272
12001232
11601173
960969
790803
5805811
190243191248
177237177248
115201116206
115195116200
102195103200
102189103194
8518987192
7516776172
1116211169
162182162192
132181132192
122175124178
119157120162
7314574150
912910134
912310128
911710122
911110116
81078114
133110133121
1110512110
891898
159108159119
4510546110
119912104
99610101
774781
1237912483
97659776
12611272
435442
1874318846
29232934
26162626
190222
150165
181246183249
124220125225
123214124219
110211111216
1319013197
196219198222
168213170216
134200135205
108199109204
1318213189
180201180212
171194171205
148180149185
1317413181
182192182203
179184180189
159179160184
125171126176
110163111168
105161106166
1114111148
158156158167
134154134165
120147121152
1113112136
1112311130
161152161163
132152133157
1315213159
194185196188
186184187189
184177185181
162167163172
104149106152
103113105116
103107104112
10395103106
97949997
85948699
19942099
9901095
884989
663768
657762
551656
537544
1314813252
1234612356
46404651
638645
60526063
748755
1118111192
79788083
878983
872977
866971
858865
1357613587
10751082
126117126128
3211233117
1111211119
172134172144
135119135127
131116131127
108115109120
7610777112
3310534110
11911198
147135147146
129132130137
1313213139
192191193196
173186173197
171169172174
162155162166
124138125143
5113756138
1312113128
163138163149
159131159142
134128135133
1311313120
182120183125
136120137125
8010885109
1310513112
195205195216
195191196196
192189197190
190181191186
187165188169
179149180154
152149153154
152135153140
119128124129
8812789132
139713104
169103169114
1069410799
97879892
44804981
11801187
1378313794
61746279
13721477
10641071
1477214783
84588563
75587569
10551062
1637716388
1327213377
11721179
1178911894
13891396
1129211397
43824883
13791386
196148196159
181128183130
17398173109
1209212197
91789189
11551260
223230
85358546
60306135
323428
018123
010017
34163427
414519
15112
50105213
500509
390405
330353
198105198116
177104177115
1479314898
1448514590
63816486
61706472
14631568
11631170
1756817579
1546315666
48634968
849856
88518956
76457656
72397344
739746
1414214246
1013410145
87278832
30193124
4131313
1929019395
1508915194
60816186
36673772
13641371
1528015385
1237312478
1036210467
13551362
1647616487
1607216177
1426514370
40574162
212219
1042110525
42154320
315322
1162311728
1022310234
55185622
54105515
36313
1372813833
1222812239
1102711132
525532
1293212942
1273212743
1191612119
75107521
631663
1977919790
1657916684
1097911083
1065310664
66416746
629636
1363313644
80338044
8058016
6356410
45412
1422014323
13301345
600690
194120199121
194118199119
191111192116
1718017285
1576915874
1575015760
1174211847
993410039
95339638
614621
1523815249
1183411939
731738
1533415438
1472214826
135813711
1987419979
1147311578
11531654
10511552
10491550
8471348
8451346
721728
1684516950
1604316544
8431344
8411342
8391340
8371338
8351336
8331334
8311332
8291330
8271328
8251326
8231324
8201321
8181319
8161317
8141315
5111012
591010
57108
55106
0354
0152
1976619777
1876118772
1625316357
1582515835
1541915524
1471814921
1121111316
63114
61112
1988119986
1937819389
1815518358
1532815433
1441514520
1381113916
1151112
177817719
15501565
410461
120127
18341848
18201843
16401655
720771
130137
1854118646
14401447
14321439
14241431
14131420
1522715234
1521815225
1521015217
1520215209
1517615183
1516015167
1514415151
1512615133
1511615123
1510315110
159515102
15771584
15691576
15551562
15321539
15221529
1571514
1623416241
1621016217
1620116208
1619116198
1618316190
1616516172
1615516162
1614716154
1613616143
1612316130
1610916116
1610116108
16871694
16771684
16651672
16571664
16441651
16341641
16251632
16161623
1681615
1723317240
1721817225
1720517212
1718717194
1717617183
1716817175
1716017167
1715217159
1712917136
1712117128
1710017107
17901797
17741781
17661773
17471754
17391746
17251732
17171724
1791716
171178
1823718244
1822818235
1822018227
1821218219
1820318210
1819518202
1818418191
1817318180
1816518172
1814918156
1813818145
1812718134
1811218119
1810318110
189418101
18841891
18761883
18601867
18521859
18441851
18351842
18271834
18181825
1881815
1922619233
1921519222
1920019207
1919019197
1918119188
1916819175
1915619163
1914519152
1913619143
1912819135
1911919126
1910219109
19861993
19771984
19651972
19571964
19461953
19331940
19241931
19161923
1951912
2023220239
2022320230
2021320220
2020420211
2019020197
2017920186
2017120178
2016320170
2015420161
2013920146
2010920116
2010120108
20832090
20752082
20652072
20532060
20442051
20312038
20232030
20142021
2032010
2122621233
2121821225
2119721204
2117921186
2116721174
2115321160
2113921146
2113121138
2112021127
2110821115
219521102
21852192
21772184
21682175
21602167
21492156
21382145
21292136
21132120
2142111
2224122248
2223222239
2222422231
2221622223
2220822215
2218622193
2217322180
2216122168
2215322160
2214422151
2213622143
2212822135
2212022127
2211122118
2210222109
22902297
22822289
22652272
22482255
22402247
22322239
22242231
22162223
2282215
2323723244
2322623233
2321623223
2320823215
2320023207
2319223199
2318423191
2317523182
2316023167
2315023157
2314223149
2312923136
2310323110
239523102
23812388
23732380
23612368
23522359
23402347
23242331
23132320
231238
2423924246
2422024227
2420624213
2419424201
2418624193
2417824185
2415924166
2414324150
2412524132
2411424121
2410124108
249324100
24852492
24762483
24682475
24582465
24492456
24362443
24262433
24172424
242249
2523825245
2522125228
2520525212
2519725204
2518325190
2516825175
2516025167
2514025147
2512225129
2511125118
2510325110
259525102
25772584
25652572
25492556
25382545
25252532
25172524
2592516
250257
2623626243
2622826235
2621726224
2620726214
2618626193
2617426181
2615826165
2614926156
2614026147
2612726134
2610026107
26902697
26752682
26652672
26572664
26492656
26382645
26272634
2682615
260267
2722827235
2721827225
2720527212
2719727204
2718127188
2716727174
2715927166
2714127148
2713127138
2712327130
2711327120
2710527112
27782785
27602767
27372744
27172724
272279
2823128238
2820728214
2819528202
2818728194
2817528182
2816228169
2815228159
2813828145
2810828115
2810028107
28912898
28732880
28652872
28552862
28452852
28282835
28202827
2882815
280287
2924229249
2923429241
2922129228
2921329220
2920229209
2919429201
2918629193
2916929176
2915729164
2914729154
2913929146
2912829135
2911629123
2910829115
2910029107
29902997
29812988
29732980
29622969
29372944
29152922
2942911
3023530242
3021430221
3020230209
3019430201
3018630193
3017730184
3016830175
3015030157
3014230149
3011630123
3010830115
30923099
30843091
30763083
30633070
30553062
30453052
30313038
3083015
300307
3123231239
3122131228
3121331220
3120531212
3119431201
3117331180
3116531172
3115731164
3114431151
3113031137
3111031117
319931106
31893196
31783185
31703177
31533160
31343141
3183115
310317
3223432241
3222432231
3220732214
3219632203
3217932186
3216632173
3215332160
3214532152
3213432141
3212332130
3210132108
329332100
32853292
32773284
32653272
32563263
32483255
32323239
32223229
32113218
320327
3323233239
3322433231
3321233219
3317633183
3316833175
3315133158
3314333150
3312233129
339733104
33893396
33763383
33673374
33473354
33393346
33213328
33133320
3353312
3423234239
3421034217
3420134208
3419234199
3417734184
3416934176
3415134158
3413534142
3412034127
3411234119
34723479
34573464
34493456
34393446
34293436
3523435241
3522435231
3521435221
3520535212
3519735204
3518835195
3517335180
3516535172
3515635163
3514635153
3513835145
3512635133
3511335120
3510535112
359335100
35853592
35743581
35623569
35523559
35403547
35233530
35153522
3553512
3624036247
3622836235
3621236219
3619736204
3618936196
3617336180
3616036167
3615136158
3613936146
3612836135
3612036127
3611136118
369336100
36853692
36733680
36593666
36513658
36343641
36243631
36163623
360367
3723437241
3722637233
3721237219
3720437211
3719637203
3718737194
3717037177
3716137168
3714437151
3713437141
3712237129
3711437121
3710537112
37903797
37823789
37743781
37583765
37453752
37363743
37273734
37153722
3824138248
3823338240
3821038217
3819138198
3818338190
3817338180
3815438161
3814238149
3812938136
3811638123
389638103
38873894
38733880
38643871
38513858
38433850
38353842
38253832
38113818
3833810
3923839245
3922739234
3921439221
3919839205
3918639193
3917839185
3916939176
3915439161
3914539152
3913639143
3912139128
3911339120
3910539112
399739104
39883995
39803987
39653972
39503957
39403947
39273934
39173924
3993916
4023640243
4021940226
4021040217
4019840205
4019040197
4018240189
4017240179
4016140168
4015140158
4014340150
4012740134
4011640123
40894096
40814088
40664073
40494056
40414048
40284035
40154022
4074014
4123541242
4122641233
4121741224
4119341200
4118341190
4117541182
4115441161
4114641153
4112041127
4110841115
419941106
41894196
41814188
41724179
41494156
41404147
41324139
41234130
41154122
412419
4223442241
4222342230
4221542222
4220142208
4219342200
4218442191
4216742174
4215742164
4214742154
4213942146
4212842135
4211442121
4210142108
42904297
42734280
42614268
42534260
42444251
42294236
42214228
422429
4323743244
4322143228
4320043207
4317943186
4315543162
4314443151
4313243139
4312443131
4310943116
4310143108
439343100
43854392
43744381
43554362
43474354
43394346
43284335
4354312
4423944246
4422544232
4421544222
4420644213
4419844205
4419044197
4418144188
4417044177
4416244169
4414744154
4413244139
4412144128
4411244119
4410444111
449344100
44854492
44674474
44534460
44454452
44354442
44254432
44164423
4444411
4522545232
4521745224
4520645213
4519745204
4518745194
4517945186
4516545172
4515745164
4514945156
4513445141
4512445131
4511445121
459745104
45864593
45714578
45574564
45484555
45364543
45284535
45194526
45114518
4534510
4624246249
4622746234
4621946226
4620746214
4619846205
4618746194
4617946186
4616746174
4615346160
4614546152
4613646143
4612446131
4611546122
46904697
46714678
46614668
46324639
46224629
4674614
4722147228
4721347220
4719347200
4718447191
4716847175
4716047167
4714847155
4714047147
4712647133
4711647123
4710747114
479947106
47854792
47724779
47644771
47514758
47394746
47254732
47164723
4784715
470477
4823648243
4822848235
4822048227
4821248219
4820048207
4819248199
4817948186
4815248159
4814448151
4813148138
4811948126
4810348110
489348100
48854892
48704877
48544861
48464853
48374844
48294836
48214828
4923849245
4923049237
4921149218
4919949206
4919149198
4917549182
4916749174
4915949166
4914749154
4913949146
4912949136
4911849125
4910549112
499549102
49874994
49724979
49554962
49424949
49284935
49194926
49104917
490497
5023750244
5022950236
5021850225
5020650213
5019850205
5018850195
5017950186
5016950176
5015750164
5014950156
5013750144
5012950136
5011450121
5010350110
509550102
50795086
50715078
50635070
50535060
50405047
50315038
50225029
50145021
5123851245
5122951236
5122151228
5121051217
5120251209
5119451201
5118651193
5117751184
5116951176
5115751164
5114551152
5112951136
5112151128
5111051117
5110251109
51915198
51825189
51655172
51485155
51335140
51245131
51165123
510517
5221952226
5220552212
5219752204
5215852165
5215052157
5213952146
5211552122
529952106
52885295
52745281
52625269
52545261
52445251
52275234
52155222
522529
5323953246
5323153238
5321853225
5321053217
5320153208
5319053197
5318053187
5317253179
5316253169
5314753154
5313953146
5312853135
5311953126
5311153118
539853105
53885395
53795386
53715378
53635370
53535360
53365343
53285335
53205327
53125319
5335310
5423854245
5422254229
5420854215
5418954196
5416954176
5416154168
5415354160
5414254149
5412654133
5411654123
5410054107
54885495
54785485
54705477
54435450
54345441
54265433
54175424
542549
5523955246
5522055227
5520955216
5519255199
5517855185
5516755174
5515955166
5515155158
5514355150
5512655133
5510155108
55885595
55665573
55505557
55365543
55275534
551558
5623756244
5622356230
5620956216
5618656193
5617856185
5616956176
5615856165
5614856155
5613956146
5612156128
5611256119
5610056107
56905697
56825689
56745681
56595666
56455652
56335640
56105617
560567
5724157248
5723057237
5720257209
5719057197
5718157188
5717357180
5716457171
5714757154
5712957136
5711957126
5711157118
57915798
57835790
57745781
57655772
57525759
57325739
57245731
57105717
572579
5823858245
5822858235
5822058227
5821158218
5820358210
5819358200
5818558192
5817758184
5816958176
5816158168
5815258159
5812558132
5811358120
5810158108
589358100
58825889
58735880
58645871
58565863
58435850
58355842
58255832
58135820
5923559242
5918759194
5917359180
5916359170
5914359150
5913159138
5911459121
5910659113
599859105
59885995
59555962
59465953
59315938
59235930
5985915
590597
6023860245
6023060237
6022160228
6020760214
6019360200
6017360180
6015760164
6014960156
6013360140
6012260129
6010360110
60736080
60656072
60446051
60226029
6096016
6123861245
6122761234
6121961226
6120861215
6120061207
6119261199
6118461191
6117261179
6116461171
6115461161
6114361150
6113261139
6111961126
6110761114
619761104
61896196
61616168
61516158
61416148
61206127
61116118
6136110
6223562242
6222462231
6221362220
6220462211
6218462191
6217662183
6216262169
6215262159
6214362150
6213562142
6211162118
6210362110
62926299
62846291
62626269
62546261
62466253
62376244
62296236
62216228
6296216
621628
6324263249
6323263239
6322463231
6321363220
6320463211
6318563192
6316963176
6315463161
6314663153
6312963136
6312163128
6311363120
6310363110
63886395
63736380
63596366
63516358
63436350
63336340
63246331
63126319
6424164248
6421664223
6420064207
6419264199
6417464181
6416164168
6414564152
6413764144
6412964136
6411064117
649764104
64896496
64576464
64496456
64406447
64316438
64166423
6523865245
6523065237
6522265229
6521065217
6519865205
6518965196
6518165188
6516865175
6515865165
6514665153
6513865145
6513065137
6512265129
6511065117
6510265109
65916598
65776584
65696576
65586565
65506557
65366543
65256532
6566513
6624166248
6622866235
6621666223
6620566212
6618366190
6616666173
6615566162
6614766154
6613966146
6612966136
6612166128
6611366120
6610566112
669666103
66826689
66716678
66576664
66336640
66256632
66166623
6723867245
6723067237
6721667223
6720867215
6720067207
6718767194
6716967176
6715667163
6714867155
6713967146
6712867135
6711667123
6710767114
679967106
67896796
67806787
67676774
67586765
67476754
67336740
67256732
67146721
6736710
6823668243
6822568232
6821068217
6819868205
6819068197
6818168188
6816468171
6814968156
6813768144
6812468131
6811468121
6810668113
689768104
68746881
68666873
68586865
68496856
68416848
68246831
68106817
681688
6923869245
6922969236
6922069227
6920869215
6920069207
6919269199
6917769184
6916869175
6916069167
6915269159
6914469151
6913169138
6912069127
6910569112
69806987
69716978
69576964
69496956
69416948
69336940
69196926
691698
7024270249
7022070227
7021270219
7020370210
7018870195
7018070187
7016770174
7014170148
7013370140
7012370130
7011170118
709970106
70917098
70817088
70647071
70527059
70397046
70297036
70187025
7087015
700707
7123571242
7122271229
7120971216
7119371200
7118471191
7116971176
7115671163
7114271149
7113271139
7112171128
7111171118
7110371110
71887195
71797186
71697176
71617168
71477154
71397146
71317138
71127119
7147111
7224272249
7223472241
7221972226
7221072217
7219972206
7219072197
7218072187
7217272179
7216472171
7214072147
7212772134
7211572122
729872105
72817288
72737280
72647271
72487255
72317238
72227229
72147221
7247211
7323773244
7322573232
7321673223
7320473211
7319573202
7318673193
7317773184
7316973176
7313773144
7312973136
7311773124
7310873115
7310073107
73877394
73717378
73567363
73457352
73317338
73227329
73137320
7357312
7423674243
7422874235
7420874215
7420074207
7419174198
7418174188
7417374180
7416374170
7415374160
7413774144
7412474131
7411174118
7410074107
74857492
74777484
74687475
74607467
74457452
74377444
74297436
74217428
74137420
7457412
7523575242
7522775234
7521075217
7520075207
7518875195
7517675183
7515975166
7513675143
7512775134
7511275119
759875105
75747581
75507557
75427549
75277534
752759
7624276249
7623476241
7622676233
7621876225
7620876215
7619476201
7618676193
7615976166
7614976156
7614176148
7613376140
7612376130
7611376120
769976106
76907697
76747681
76607667
76377644
76277634
76157622
762769
7723977246
7723077237
7722077227
7720477211
7719477201
7718377190
7717577182
7716777174
7715677163
7713077137
7712277129
779377100
77847791
77767783
77677774
77597766
77487755
77347741
77257732
77137720
7737710
7823778244
7822878235
7821978226
7820378210
7819578202
7818378190
7817378180
7816478171
7815678163
7813978146
7813178138
7812278129
789978106
78887895
78767883
78667873
78567863
78467853
78387845
78307837
78217828
78127819
780787
7923579242
7922479231
7921679223
7920679213
7918779194
7917779184
7915979166
7914579152
7913479141
7912579132
7911479121
7910679113
799779104
79877994
79617968
79527959
79437950
79317938
79237930
79137920
7947911
8024080247
8022280229
8021280219
8019580202
8018680193
8017880185
8016780174
8015380160
8013680143
8012180128
8010080107
80858092
80698076
80538060
80458052
80258032
80178024
8123781244
8122281229
8120181208
8118081187
8117281179
8116481171
8113481141
8112581132
8111581122
8110081107
81898196
81798186
81618168
81508157
81348141
81248131
81168123
8188115
810817
8221982226
8220682213
8219782204
8218982196
8217482181
8216682173
8215082157
8214282149
8213182138
8211882125
8211082117
829882105
82908297
82698276
82608267
82528259
82438250
82338240
82248231
8298216
820827
8323783244
8322583232
8321083217
8319383200
8318583192
8317183178
8315283159
8313783144
8312983136
8312083127
8311283119
839683103
83868393
83788385
83628369
83548361
83468353
83308337
83228329
8388315
830837
8423484241
8421584222
8418784194
8417084177
8416284169
8415284159
8414484151
8413184138
8412384130
8411084117
849684103
84878494
84698476
84488455
84408447
84228429
84128419
8448411
8524085247
8523185238
8521985226
8521085217
8520285209
8519485201
8518185188
8517385180
8516585172
8515185158
8514385150
8513385140
8512585132
85738580
85648571
85508557
85278534
85158522
8623586242
8622786234
8621486221
8620686213
8619686203
8617886185
8616186168
8614186148
8613386140
8611986126
8610986116
8610186108
86848691
86758682
86568663
86468653
86388645
86308637
86218628
8688615
860867
8723987246
8722887235
8722087227
8720987216
8717687183
8716887175
8716087167
8715087157
8712687133
8711087117
879787104
87898796
87818788
87648771
87568763
87418748
87338740
87198726
8748711
8823988246
8823188238
8822388230
8819788204
8818488191
8816488171
8815288159
8814388150
8813388140
8811988126
8811188118
8810188108
889388100
88828889
88708877
88618868
88438850
88338840
88148821
882889
8924189248
8923389240
8922589232
8921789224
8919489201
8918289189
8916789174
8915889165
8914989156
8913789144
8911789124
8910389110
89858992
89768983
89688975
89578964
89398946
89238930
8948911
9023090237
9019590202
9018490191
9017490181
9016690173
9015090157
9013990146
9013190138
9012090127
9011290119
9010490111
90929099
90799086
90709077
90629069
90529059
90449051
90299036
90209027
9069013
9124091247
9122591232
9121791224
9120491211
9119591202
9116691173
9113491141
9112691133
9111891125
9111091117
919891105
91909197
91709177
91629169
91549161
91419148
91259132
91179124
9189115
910917
9223692243
9220992216
9220192208
9219392200
9218592192
9217692183
9216492171
9215692163
9214592152
9212992136
929492101
92859292
92779284
92699276
92579264
92469253
92379244
92299236
92169223
9239210
9323293239
9321793224
9320993216
9319993206
9319193198
9317493181
9316293169
9315393160
9314493151
9313393140
9312293129
9311293119
9310293109
939493101
93859392
93649371
93569363
93479354
93369343
93289335
93209327
93109317
9424094247
9423194238
9422194228
9420894215
9419694203
9418394190
9417594182
9416594172
9415294159
9414494151
9413694143
9412694133
9411094117
9410094107
94879494
94799486
94659472
94539460
94449451
94369443
94169423
9489415
940947
9523995246
9523095237
9522295229
9521095217
9520295209
9519095197
9516595172
9514895155
9513395140
9512195128
9511095117
9510295109
95899596
95819588
95739580
95629569
95519558
95409547
95259532
95179524
9599516
951958
9623996246
9623196238
9622296229
9621496221
9620096207
9618396190
9616996176
9615596162
9614796154
9612496131
9610496111
969696103
96879694
96729679
96529659
96429649
96209627
96129619
9722297229
9721497221
9720097207
9719297199
9718497191
9717697183
9716697173
9715897165
9714197148
9713397140
9712597132
9711797124
979897105
97799786
97579764
97489755
97409747
97249731
97119718
9823598242
9822398230
9821598222
9820798214
9819098197
9818298189
9817098177
9816298169
9814798154
9813898145
9812998136
9811898125
9810398110
98799886
98719878
98639870
98549861
98469853
98339840
98259832
98149821
9869813
9924299249
9921899225
9920799214
9919899205
9917899185
9916999176
9916099167
9915299159
9914499151
9913499141
9911799124
9910799114
999899105
99829989
99659972
99579964
99429949
99269933
99169923
991998
100240100247
100232100239
100223100230
100212100219
100201100208
100192100199
100184100191
100168100175
100159100166
100151100158
100143100150
100132100139
100122100129
100114100121
10098100105
1008910096
1007710084
1006910076
1006110068
1005310060
1004510052
1002410031
100910016
10001007
101236101243
101228101235
101214101221
101206101213
101197101204
101174101181
101166101173
101142101149
101134101141
101122101129
101102101109
1019210199
1017810185
1017010177
1015910166
1015110158
1012610133
1011810125
101510112
102238102245
102230102237
102217102224
102209102216
102201102208
102178102185
102170102177
102158102165
102150102157
102137102144
102129102136
102120102127
102109102116
1029210299
1028310290
1027110278
1025310260
1024510252
1023610243
1021510222
102610213
103242103249
103230103237
103219103226
103210103217
103201103208
103173103180
103165103172
103156103163
103143103150
103130103137
1038010387
1036910376
1035410361
1034610353
1033710344
1032910336
1031810325
10311038
104238104245
104230104237
104222104229
104212104219
104200104207
104191104198
104177104184
104163104170
104141104148
104133104140
104125104132
104117104124
10498104105
1049010497
1048010487
1047210479
1044510452
1043510442
1042710434
1041310420
105241105248
105232105239
105207105214
105179105186
105171105178
105153105160
105141105148
105132105139
105121105128
105105105112
10597105104
1058710594
1057710584
1056310570
1055510562
1054210549
1053410541
1052610533
1051310520
105410511
106240106247
106228106235
106217106224
106194106201
106186106193
106176106183
106137106144
106120106127
106109106116
106101106108
1068610693
1067710684
1064510652
1063710644
1062810635
1062010627
10601067
107239107246
107223107230
107211107218
107201107208
107175107182
107154107161
107146107153
107128107135
107120107127
107112107119
107103107110
1078610793
1077610783
1076810775
1075910766
1074910756
1073710744
1072810735
1071210719
10711078
108236108243
108224108231
108215108222
108207108214
108191108198
108183108190
108175108182
108167108174
108151108158
108137108144
108107108114
10898108105
1089010897
1088210889
1086510872
1085110858
1084010847
1081710824
108410811
109236109243
109228109235
109212109219
109190109197
109180109187
109172109179
109159109166
109150109157
109138109145
109124109131
109103109110
10993109100
1098510992
1097110978
1096210969
1095010957
1093910946
1093110938
1092310930
1091110918
10901097
110239110246
110217110224
110203110210
110195110202
110187110194
110178110185
110169110176
110155110162
110126110133
110110110117
11095110102
1108711094
1106911076
1105011057
1104211049
1103411041
1101911026
110911016
11001107
111227111234
111219111226
111200111207
111192111199
111184111191
111176111183
111143111150
111132111139
111123111130
111113111120
111104111111
11195111102
1117311180
1115711164
1114611153
1113811145
1111511122
112235112242
112226112233
112208112215
112196112203
112188112195
112177112184
112167112174
112159112166
112149112156
112137112144
112128112135
112114112121
112106112113
1128411291
1127611283
1126011267
1125111258
1124311250
1123311240
1122111228
112311210
113239113246
113231113238
113223113230
113215113222
113207113214
113199113206
113181113188
113173113180
113163113170
113145113152
113135113142
113125113132
113112113119
11398113105
1138011387
1137011377
1136011367
1135211359
1132711334
1131911326
11301137
114235114242
114210114217
114201114208
114193114200
114178114185
114168114175
114158114165
114145114152
114134114141
114125114132
114115114122
114102114109
1149011497
1147911486
1146511472
1145711464
1144911456
1143811445
1142511432
1141711424
114911416
115242115249
115225115232
115216115223
115207115214
115185115192
115172115179
115151115158
115142115149
115131115138
115122115129
115113115120
115104115111
1159211599
1158211589
1156211569
1155411561
1154611553
1153311540
1152511532
1151711524
115911516
11501157
116233116240
116215116222
116186116193
116178116185
116166116173
116158116165
116148116155
116140116147
116124116131
116116116123
116108116115
11699116106
1169011697
1168011687
1167211679
1165411661
1164011647
1162911636
116711614
117237117244
117226117233
117217117224
117203117210
117189117196
117181117188
117173117180
117162117169
117151117158
117143117150
117135117142
117104117111
11796117103
1177311780
1176211769
1175311760
1173411741
1171511722
117711714
118235118242
118219118226
118209118216
118193118200
118180118187
118170118177
118161118168
118152118159
118144118151
118134118141
118126118133
118118118125
118109118116
118100118107
1187911886
1187111878
1186011867
1184811855
1182611833
1181311820
11811188
119228119235
119213119220
119203119210
119195119202
119187119194
119179119186
119163119170
119149119156
119136119143
119120119127
119106119113
11995119102
1198711994
1197611983
1196711974
1195911966
1194911956
1194111948
1192011927
119811915
120237120244
120229120236
120220120227
120212120219
120204120211
120196120203
120188120195
120180120187
120169120176
120139120146
120131120138
120116120123
120100120107
1208412091
1207612083
1206212069
1205012057
1204112048
1203012037
1202012027
120812015
121241121248
121229121236
121218121225
121208121215
121193121200
121170121177
121154121161
121137121144
121120121127
121112121119
12198121105
1218112188
1216512172
1215712164
1213512142
1212312130
121312110
122238122245
122222122229
122211122218
122194122201
122184122191
122167122174
122158122165
122150122157
122134122141
122117122124
122109122116
1228912296
1228112288
1227312280
1226112268
1225312260
1224512252
1221812225
1221012217
123221123228
123206123213
123198123205
123189123196
123180123187
123165123172
123155123162
123140123147
123132123139
123109123116
123100123107
1238912396
1236512372
1235712364
1233812345
1232612333
1231512322
123712314
124242124249
124231124238
124199124206
124180124187
124162124169
124153124160
124145124152
124130124137
124120124127
124112124119
124101124108
1248412491
1246312470
1245312460
1244412451
1243112438
1241112418
12401247
125227125234
125210125217
125201125208
125187125194
125179125186
125163125170
125150125157
125129125136
125120125127
125109125116
125100125107
1259112598
1257712584
1253612543
1252612533
1251712524
125412511
126235126242
126220126227
126207126214
126190126197
126180126187
126163126170
126150126157
126142126149
126133126140
126104126111
12695126102
1268312690
1266612673
1265412661
1264612653
1263812645
1261812625
126612613
127234127241
127226127233
127216127223
127208127215
127200127207
127184127191
127171127178
127163127170
127151127158
127136127143
127123127130
127114127121
127106127113
12798127105
1277312780
1276312770
1274612753
1272412731
1271612723
127512712
128242128249
128234128241
128218128225
128209128216
128192128199
128184128191
128176128183
128168128175
128152128159
128144128151
128136128143
128128128135
128113128120
128103128110
12895128102
1288512892
1287712884
1286512872
1285112858
1283212839
1282412831
1281612823
128812815
12801287
129234129241
129222129229
129213129220
129205129212
129197129204
129188129195
129172129179
129160129167
129140129147
129115129122
129102129109
12993129100
1298512992
1296812975
1295312960
1294312950
1292412931
129612913
130239130246
130230130237
130219130226
130211130218
130199130206
130191130198
130180130187
130163130170
130153130160
130145130152
130122130129
130107130114
13097130104
1308813095
1307613083
1305813065
1305013057
1304113048
1302613033
1301113018
13011308
131236131243
131226131233
131216131223
131206131213
131198131205
131190131197
131170131177
131160131167
131152131159
131141131148
131133131140
131108131115
13194131101
1318313190
1317513182
1316713174
1315413161
1314013147
1312813135
1311813125
13111318
132227132234
132218132225
132210132217
132202132209
132194132201
132173132180
132143132150
132131132138
132115132122
132104132111
13294132101
1328013287
1326313270
1325313260
1323913246
1323113238
1322313230
132713214
133241133248
133233133240
133225133232
133215133222
133207133214
133195133202
133184133191
133176133183
133168133175
133159133166
133139133146
133131133138
133123133130
133102133109
1338913396
1336413371
1335513362
1334713354
1333913346
1332813335
1331613323
133813315
134233134240
134220134227
134211134218
134188134195
134176134183
134146134153
134120134127
134112134119
134103134110
1349213499
1348213489
1347213479
1346413471
1345513462
1343913446
1343013437
134913416
135239135246
135231135238
135216135223
135207135214
135187135194
135172135179
135160135167
135152135159
135138135145
135111135118
135103135110
13594135101
1356813575
1355813565
1354913556
1354113548
1352113528
1351213519
13501357
136236136243
136226136233
136216136223
136208136215
136197136204
136181136188
136173136180
136155136162
136141136148
136128136135
136112136119
1369113698
1368013687
1367213679
1365313660
1362413631
137232137239
137224137231
137215137222
137204137211
137196137203
137186137193
137165137172
137157137164
137149137156
137137137144
137127137134
13797137104
1377513782
1376713774
1375713764
1374213749
1373413741
1371813725
13701377
138238138245
138230138237
138220138227
138211138218
138203138210
138185138192
138177138184
138163138170
138154138161
138136138143
138128138135
138119138126
138110138117
138102138109
1388513892
1387713884
1386313870
1385413861
1384513852
1383613843
1382013827
138313810
139238139245
139229139236
139214139221
139206139213
139194139201
139185139192
139176139183
139168139175
139160139167
139143139150
139133139140
139118139125
139108139115
139100139107
1397913986
1396913976
1395313960
1394513952
1393613943
1392613933
1391813925
13911398
140240140247
140217140224
140206140213
140197140204
140184140191
140176140183
140168140175
140153140160
140136140143
140128140135
140118140125
140103140110
1408814095
1407014077
1406214069
1403714044
1402214029
1401114018
14021409
141242141249
141234141241
141225141232
141214141221
141197141204
141184141191
141175141182
141165141172
141147141154
141139141146
141127141134
141118141125
141110141117
141102141109
14194141101
1418414191
1417314180
1415514162
1414714154
1413414141
1412214129
1411414121
14101417
142230142237
142222142229
142212142219
142203142210
142193142200
142185142192
142172142179
142164142171
142156142163
142148142155
142139142146
142126142133
142118142125
142109142116
142101142108
14293142100
1428214289
1427414281
1425714264
1423214239
1422414231
1421114218
14221429
143242143249
143233143240
143223143230
143211143218
143198143205
143190143197
143182143189
143174143181
143162143169
143152143159
143144143151
143135143142
143124143131
143116143123
143108143115
143100143107
1438514392
1437614383
1434814355
1433614343
1432514332
143914316
14301437
144239144246
144220144227
144201144208
144190144197
144182144189
144161144168
144153144160
144139144146
144129144136
144120144127
144111144118
1449214499
1447714484
1446614473
1445614463
1443814445
1442914436
1442114428
144714414
145241145248
145232145239
145219145226
145206145213
145197145204
145189145196
145180145187
145165145172
145142145149
145134145141
145125145132
145110145117
145101145108
1457514582
1456714574
1454814555
1453014537
1452214529
145414511
146239146246
146231146238
146223146230
146214146221
146206146213
146192146199
146184146191
146175146182
146166146173
146156146163
146148146155
146138146145
146128146135
146113146120
1469114698
1467914686
1467014677
1465914666
1465114658
1464314650
1463114638
1462314630
1461514622
14601467
147232147239
147205147212
147197147204
147187147194
147177147184
147168147175
147156147163
147127147134
147118147125
147109147116
147100147107
1478514792
1476414771
1475614763
1473814745
1472814735
147914716
14701477
148242148249
148233148240
148224148231
148216148223
148206148213
148189148196
148172148179
148164148171
148146148153
148136148143
148125148132
148114148121
148102148109
1487714884
1486314870
1485114858
1484014847
1482914836
1481014817
14821489
149241149248
149233149240
149223149230
149210149217
149202149209
149186149193
149166149173
149158149165
149150149157
149139149146
149126149133
149118149125
149110149117
14998149105
1498914996
1497514982
1496214969
1494514952
1492314930
149414911
150224150231
150216150223
150208150215
150192150199
150173150180
150149150156
150138150145
150130150137
150122150129
150103150110
15095150102
1508115088
1506815075
1505415061
1504615053
1503815045
1502815035
1501715024
150815015
151228151235
151218151225
151206151213
151198151205
151189151196
151181151188
151163151170
151153151160
151143151150
151135151142
151123151130
151115151122
151105151112
15195151102
1517215179
1516115168
1514515152
1513515142
1512015127
151915116
15111518
152240152247
152204152211
152191152198
152181152188
152169152176
152161152168
152141152148
152127152134
152113152120
152105152112
1528815295
1527215279
1526015267
1525215259
1522815235
1521115218
152315210
153241153248
153221153228
153213153220
153200153207
153192153199
153183153190
153166153173
153157153164
153126153133
153115153122
153104153111
15396153103
1538615393
1536315370
1534815355
1533915346
1532015327
1531215319
153315310
154229154236
154215154222
154207154214
154197154204
154177154184
154169154176
154160154167
154149154156
154138154145
154126154133
154117154124
154106154113
15498154105
1547115478
1545515462
1544015447
15411548
155238155245
155220155227
155212155219
155199155206
155188155195
155178155185
155170155177
155162155169
155148155155
155132155139
155121155128
155113155120
155103155110
15595155102
1558415591
1557515582
1556715574
1555415561
1554515552
1553515542
1552715534
1551115518
156236156243
156228156235
156220156227
156203156210
156192156199
156184156191
156176156183
156164156171
156150156157
156142156149
156134156141
156124156131
156106156113
15694156101
1568215689
1567415681
1565515662
1564615653
1563515642
1562115628
156915616
157241157248
157224157231
157216157223
157203157210
157185157192
157177157184
157168157175
157160157167
157152157159
157144157151
157133157140
157116157123
157105157112
1579215799
1577815785
1576115768
1574215749
1572515732
1571615723
15711578
158239158246
158231158238
158221158228
158212158219
158204158211
158195158202
158187158194
158178158185
158168158175
158148158155
158138158145
158130158137
158117158124
158109158116
158101158108
15893158100
1588315890
1587515882
1585515862
1584415851
1583615843
1581715824
158915816
15811588
159236159243
159225159232
159214159221
159206159213
159194159201
159171159178
159161159168
159153159160
159123159130
159100159107
1598815995
1597915986
1597015977
1596015967
1594415951
1593615943
1592115928
1591115918
160238160245
160222160229
160214160221
160206160213
160198160205
160187160194
160169160176
160160160167
160140160147
160129160136
160115160122
160107160114
16099160106
1608716094
1607916086
1606416071
1605416061
1602916036
1602016027
160416011
161231161238
161223161230
161205161212
161193161200
161185161192
161177161184
161168161175
161143161150
161134161141
161126161133
161116161123
161108161115
16194161101
1618416191
1616316170
1614716154
1613416141
1612516132
1611616123
161716114
162238162245
162222162229
162211162218
162201162208
162193162200
162174162181
162145162152
162137162144
162125162132
162113162120
162105162112
16293162100
1628316290
1627516282
1626316270
1624516252
1623216239
1622416231
1621616223
162816215
16201627
163241163248
163232163239
163222163229
163214163221
163206163213
163198163205
163188163195
163177163184
163158163165
163150163157
163130163137
163121163128
163113163120
163100163107
1639116398
1636716374
1633116338
1632216329
163816315
16301637
164241164248
164230164237
164221164228
164213164220
164205164212
164192164199
164178164185
164170164177
164158164165
164150164157
164140164147
164122164129
164112164119
164104164111
16496164103
1648816495
1646816475
1645416461
1644516452
1643516442
1642716434
1641816425
164616413
165235165242
165225165232
165208165215
165196165203
165187165194
165167165174
165146165153
165138165145
165129165136
165117165124
165107165114
16599165106
1656816575
1655816565
1654916556
1653416541
1652216529
1651116518
166241166248
166222166229
166210166217
166196166203
166187166194
166179166186
166165166172
166157166164
166149166156
166137166144
166128166135
166103166110
16695166102
1668716694
1666516672
1665516662
1664416651
1662816635
1661716624
166916616
16611668
167235167242
167226167233
167217167224
167209167216
167200167207
167189167196
167177167184
167168167175
167160167167
167152167159
167144167151
167135167142
167124167131
167115167122
167104167111
16794167101
1678516792
1677216779
1676416771
1675616763
1674716754
1673616743
1672816735
1672016727
1671216719
168232168239
168224168231
168205168212
168197168204
168183168190
168171168178
168163168170
168150168157
168137168144
168126168133
168112168119
16898168105
1688616893
1687416881
1686616873
1685416861
1683716844
1682816835
1681216819
16821689
169227169234
169218169225
169201169208
169193169200
169181169188
169172169179
169164169171
169154169161
169144169151
169128169135
169119169126
16994169101
1696916976
1695616963
1693416941
1692316930
1691516922
16901697
170236170243
170228170235
170203170210
170185170192
170171170178
170163170170
170146170153
170138170145
170129170136
170121170128
170111170118
170102170109
1708417091
1707517082
1706417071
1705517062
1704217049
1702617033
1701817025
170417011
171240171247
171228171235
171216171223
171186171193
171178171185
171161171168
171153171160
171144171151
171135171142
171127171134
171119171126
171111171118
17198171105
1718617193
1717217179
1716417171
1715317160
1713917146
1713117138
1712217129
1711417121
17101717
172230172237
172218172225
172210172217
172202172209
172194172201
172186172193
172178172185
172154172161
172145172152
172126172133
172118172125
172109172116
172101172108
1729017297
1727217279
1725817265
1724417251
1722517232
1721617223
172517212
173241173248
173233173240
173211173218
173170173177
173162173169
173145173152
173137173144
173127173134
173119173126
1738817395
1737217379
1736417371
1734817355
1734017347
1733017337
1732217329
1731417321
173417311
174242174249
174227174234
174217174224
174205174212
174195174202
174187174194
174174174181
174163174170
174155174162
174140174147
174128174135
174118174125
174106174113
1749217499
1748217489
1746917476
1746117468
1745317460
1744517452
1743717444
1742717434
1741117418
174317410
175231175238
175223175230
175213175220
175204175211
175193175200
175183175190
175167175174
175150175157
175131175138
175119175126
175111175118
175103175110
17593175100
1758017587
1756017567
1754917556
1754017547
1753017537
1752217529
1751417521
17521759
176237176244
176229176236
176212176219
176204176211
176195176202
176187176194
176174176181
176165176172
176156176163
176145176152
176132176139
176120176127
176105176112
17695176102
1768317690
1767317680
1766417671
1765117658
1763017637
1762117628
1761317620
176517612
177229177236
177221177228
177213177220
177205177212
177197177204
177187177194
177169177176
177155177162
177145177152
177137177144
177129177136
177117177124
17796177103
1778817795
1777417781
1776317770
1775217759
1773617743
1772117728
17701777
178238178245
178225178232
178217178224
178209178216
178195178202
178183178190
178173178180
178163178170
178149178156
178130178137
178119178126
178109178116
17898178105
1788917896
1788117888
1787217879
1785517862
1784717854
1783817845
1782617833
1781617823
17821789
179239179246
179226179233
179217179224
179209179216
179200179207
179176179183
179163179170
179155179162
179141179148
179132179139
179114179121
179106179113
17994179101
1798517992
1797617983
1796417971
1795517962
1794717954
1793617943
1792717934
1791017917
17901797
180240180247
180227180234
180216180223
180190180197
180173180180
180160180167
180137180144
180122180129
180114180121
180106180113
18095180102
1808418091
1807418081
1806518072
1805718064
1804418051
1803318040
1802518032
1801618023
180318010
181238181245
181230181237
181221181228
181209181216
181198181205
181187181194
181178181185
181165181172
181155181162
181144181151
181131181138
181120181127
181112181119
181104181111
18196181103
1818018187
1817218179
1816418171
1814718154
1813318140
1812518132
1811518122
181518112
182236182243
182217182224
182205182212
182184182191
182176182183
182158182165
182149182156
182133182140
182112182119
182102182109
1828918296
1828018287
1827218279
1825918266
1823518242
1822318230
1821318220
182418211
183237183244
183228183235
183214183221
183206183213
183194183201
183186183193
183178183185
183167183174
183157183164
183148183155
183140183147
183112183119
18397183104
1838918396
1837818385
1837018377
1836218369
1833418341
1832618333
1831818325
183918316
184238184245
184230184237
184217184224
184209184216
184195184202
184187184194
184169184176
184161184168
184152184159
184141184148
184133184140
184124184131
184116184123
184103184110
1848718494
1846518472
1845118458
1844218449
1843418441
1842518432
1841318420
185239185246
185230185237
185222185229
185210185217
185202185209
185191185198
185182185189
185169185176
185159185166
185148185155
185137185144
185128185135
185118185125
185108185115
18599185106
1858718594
1857818585
1857018577
1856018567
1855218559
1853318540
1852518532
1851318520
18511858
186237186244
186227186234
186213186220
186205186212
186192186199
186176186183
186163186170
186154186161
186146186153
186137186144
186124186131
186116186123
186108186115
18697186104
1868518692
1867218679
1866118668
1864718654
1862718634
1861918626
186618613
187235187242
187227187234
187218187225
187203187210
187195187202
187173187180
187157187164
187147187154
187136187143
187127187134
187118187125
187107187114
18799187106
1878418791
1877518782
1875318760
1873318740
1872518732
1871318720
187318710
188241188248
188233188240
188225188232
188210188217
188202188209
188192188199
188180188187
188171188178
188157188164
188147188154
188139188146
188127188134
188119188126
188106188113
18894188101
1888418891
1887518882
1885918866
1884718854
1883518842
1882018827
1881218819
18821889
189242189249
189232189239
189223189230
189214189221
189203189210
189187189194
189173189180
189165189172
189151189158
189143189150
189125189132
189117189124
189103189110
1899018997
1897918986
1896918976
1896018967
1894118948
1893218939
1892418931
1891618923
189418911
190235190242
190226190233
190211190218
190198190205
190188190195
190173190180
190165190172
190152190159
190139190146
190131190138
190113190120
19094190101
1908619093
1907119078
1906319070
1904819055
1904019047
1901219019
190319010
191226191233
191217191224
191204191211
191196191203
191170191177
191157191164
191143191150
191127191134
191119191126
191103191110
19195191102
1918419191
1917619183
1916019167
1915119158
1914319150
1913419141
1912119128
191919116
192233192240
192225192232
192217192224
192207192214
192198192205
192181192188
192173192180
192159192166
192150192157
192141192148
192129192136
192121192128
19299192106
1927519282
1926119268
1925319260
1924519252
1923119238
1921519222
19201927
193240193247
193231193238
193219193226
193210193217
193197193204
193171193178
193155193162
193145193152
193137193144
193124193131
193116193123
193108193115
19396193103
1937019377
1936219369
1935419361
1934119348
1933119338
1932219329
1931019317
194234194241
194225194232
194208194215
194191194198
194177194184
194164194171
194153194160
194133194140
194125194132
194109194116
19498194105
1948919496
1948119488
1946719474
1945519462
1944619453
1942419431
1941619423
194819415
19401947
195242195249
195234195241
195226195233
195217195224
195197195204
195174195181
195165195172
195148195155
195138195145
195126195133
195109195116
195101195108
1958519592
1957519582
1956319570
1955219559
1954419551
1953519542
1951919526
1951119518
195319510
196234196241
196226196233
196211196218
196200196207
196177196184
196166196173
196125196132
196110196117
1969219699
1967919686
1966419671
1965319660
1964419651
1963319640
1962519632
1961719624
196719614
197238197245
197223197230
197209197216
197192197199
197180197187
197167197174
197157197164
197149197156
197138197145
197130197137
197122197129
197109197116
197101197108
19793197100
1975719764
1974519752
1973719744
1972319730
1971219719
197419711
198241198248
198233198240
198225198232
198210198217
198202198209
198192198199
198178198185
198170198177
198159198166
198151198158
198137198144
198125198132
19897198104
1988819895
1986619873
1985519862
1984419851
1982719834
198819815
199229199236
199215199222
199206199213
199198199205
199190199197
199172199179
199158199165
199147199154
199139199146
199125199132
199105199112
1998819995
1996519972
1995719964
1994819955
1993119938
1991719924
199619913
00110
